<?xml version="1.0" encoding="UTF-8"?>
<!-- Generated by org.testng.reporters.JUnitXMLReporter -->
<testsuite ignored="0" hostname="Ayush-Kumar-Ojha-B601-MacBook-Air.local" failures="0" tests="4" name="Add University" time="0.564" errors="0" timestamp="2022-06-08T22:24:32 IST">
  <testcase classname="Demo.University" name="addUniversity" time="0.13"/>
  <testcase classname="Demo.University" name="updateUniversity" time="0.096"/>
  <testcase classname="Demo.University" name="getUniversity" time="0.048"/>
  <testcase classname="Demo.University" name="deleteUniversity" time="0.105"/>
</testsuite> <!-- Add University -->
