<?xml version="1.0" encoding="UTF-8"?>
<!-- Generated by org.testng.reporters.JUnitXMLReporter -->
<testsuite ignored="0" hostname="Ayush-Kumar-Ojha-B601-MacBook-Air.local" failures="0" tests="4" name="Login" time="5.829" errors="0" timestamp="2022-06-13T15:07:53 IST">
  <testcase classname="Tests.Test_Login" name="login_test" time="5.331"/>
  <testcase classname="Tests.Test_Login" name="resetPassword_test" time="0.177"/>
  <testcase classname="Tests.Test_Login" name="refreshPassword_test" time="0.121"/>
  <testcase classname="Tests.Test_Login" name="whoAmI_test" time="0.084"/>
</testsuite> <!-- Login -->
