<?xml version="1.0" encoding="UTF-8"?>
<!-- Generated by org.testng.reporters.JUnitXMLReporter -->
<testsuite ignored="0" hostname="Ayush-Kumar-Ojha-B601-MacBook-Air.local" failures="0" tests="4" name="Login" time="8.534" errors="0" timestamp="2022-06-01T21:52:57 IST">
  <testcase classname="Demo.Login" name="login" time="7.276"/>
  <testcase classname="Demo.Login" name="refreshToken" time="0.133"/>
  <testcase classname="Demo.Login" name="resetPassword" time="0.102"/>
  <testcase classname="Demo.Login" name="whoAmI" time="0.087"/>
</testsuite> <!-- Login -->
