<?xml version="1.0" encoding="UTF-8"?>
<!-- Generated by org.testng.reporters.JUnitXMLReporter -->
<testsuite ignored="0" hostname="Ayush-Kumar-Ojha-B601-MacBook-Air.local" failures="0" tests="5" name="Teams APIs" time="0.737" errors="0" timestamp="2022-06-13T12:38:00 IST">
  <testcase classname="Tests.Test_Team" name="getTeam_test" time="0.144"/>
  <testcase classname="Tests.Test_Team" name="addTeam_test" time="0.277"/>
  <testcase classname="Tests.Test_Team" name="updateTeam_test" time="0.116"/>
  <testcase classname="Tests.Test_Team" name="getSingleTeam" time="0.069"/>
  <testcase classname="Tests.Test_Team" name="deleteTeam_test" time="0.106"/>
</testsuite> <!-- Teams APIs -->
