<?xml version="1.0" encoding="UTF-8"?>
<!-- Generated by org.testng.reporters.JUnitXMLReporter -->
<testsuite ignored="0" hostname="Ayush-Kumar-Ojha-B601-MacBook-Air.local" failures="0" tests="5" name="Teams APIs" time="0.786" errors="0" timestamp="2022-06-16T19:54:39 IST">
  <testcase classname="Tests.Test_Team" name="getTeam_test" time="0.131"/>
  <testcase classname="Tests.Test_Team" name="addTeam_test" time="0.296"/>
  <testcase classname="Tests.Test_Team" name="updateTeam_test" time="0.122"/>
  <testcase classname="Tests.Test_Team" name="getSingleTeam" time="0.092"/>
  <testcase classname="Tests.Test_Team" name="deleteTeam_test" time="0.122"/>
</testsuite> <!-- Teams APIs -->
