<?xml version="1.0" encoding="UTF-8"?>
<!-- Generated by org.testng.reporters.JUnitXMLReporter -->
<testsuite ignored="0" hostname="Ayush-Kumar-Ojha-B601-MacBook-Air.local" failures="0" tests="4" name="University APIs" time="0.683" errors="0" timestamp="2022-06-16T19:54:38 IST">
  <testcase classname="Tests.Test_Universities" name="getUniversity_test" time="0.108"/>
  <testcase classname="Tests.Test_Universities" name="addUniversity_test" time="0.32"/>
  <testcase classname="Tests.Test_Universities" name="updateUniversity_test" time="0.115"/>
  <testcase classname="Tests.Test_Universities" name="deleteUniversity_test" time="0.112"/>
</testsuite> <!-- University APIs -->
