<?xml version="1.0" encoding="UTF-8"?>
<!-- Generated by org.testng.reporters.JUnitXMLReporter -->
<testsuite ignored="0" hostname="Ayush-Kumar-Ojha-B601-MacBook-Air.local" failures="0" tests="4" name="University APIs" time="0.494" errors="0" timestamp="2022-06-13T12:37:59 IST">
  <testcase classname="Tests.Test_Universities" name="getUniversity_test" time="0.102"/>
  <testcase classname="Tests.Test_Universities" name="addUniversity_test" time="0.234"/>
  <testcase classname="Tests.Test_Universities" name="updateUniversity_test" time="0.081"/>
  <testcase classname="Tests.Test_Universities" name="deleteUniversity_test" time="0.061"/>
</testsuite> <!-- University APIs -->
