<?xml version="1.0" encoding="UTF-8"?>
<!-- Generated by org.testng.reporters.JUnitXMLReporter -->
<testsuite ignored="0" hostname="Ayush-Kumar-Ojha-B601-MacBook-Air.local" failures="0" tests="4" name="Default test" time="8.703" errors="0" timestamp="2022-06-08T22:19:34 IST">
  <testcase classname="Demo.University" name="addUniversity" time="5.246"/>
  <testcase classname="Demo.University" name="updateUniversity" time="0.146"/>
  <testcase classname="Demo.University" name="getUniversity" time="0.052"/>
  <testcase classname="Demo.University" name="deleteUniversity" time="0.089"/>
</testsuite> <!-- Default test -->
