<?xml version="1.0" encoding="UTF-8"?>
<!-- Generated by org.testng.reporters.JUnitXMLReporter -->
<testsuite ignored="0" hostname="Ayush-Kumar-Ojha-B601-MacBook-Air.local" failures="0" tests="5" name="Default test" time="5.88" errors="0" timestamp="2022-06-12T23:04:55 IST">
  <testcase classname="Tests.Test_Team" name="getTeam_test" time="5.253"/>
  <testcase classname="Tests.Test_Team" name="addTeam_test" time="0.25"/>
  <testcase classname="Tests.Test_Team" name="updateTeam_test" time="0.125"/>
  <testcase classname="Tests.Test_Team" name="getSingleTeam" time="0.088"/>
  <testcase classname="Tests.Test_Team" name="deleteTeam_test" time="0.063"/>
</testsuite> <!-- Default test -->
