<?xml version="1.0" encoding="UTF-8"?>
<!-- Generated by org.testng.reporters.JUnitXMLReporter -->
<testsuite ignored="0" hostname="Ayush-Kumar-Ojha-B601-MacBook-Air.local" failures="0" tests="7" name="Test" time="9.034" errors="0" timestamp="2022-05-31T20:26:41 IST">
  <testcase classname="Demo.Login" name="login" time="7.39"/>
  <testcase classname="Demo.Login" name="refreshToken" time="0.124"/>
  <testcase classname="Demo.Login" name="resetPassword" time="0.177"/>
  <testcase classname="Demo.Login" name="whoAmI" time="0.105"/>
  <testcase classname="Demo.University" name="login" time="0.123"/>
  <testcase classname="Demo.University" name="addUniversity" time="0.119"/>
  <testcase classname="Demo.University" name="deleteUniversity" time="0.076"/>
</testsuite> <!-- Test -->
