<?xml version="1.0" encoding="UTF-8"?>
<testng-results ignored="0" total="2" passed="2" failed="0" skipped="0">
  <reporter-output>
  </reporter-output>
  <suite started-at="2022-05-31T09:39:03 IST" name="Default suite" finished-at="2022-05-31T09:39:07 IST" duration-ms="4179">
    <groups>
    </groups>
    <test started-at="2022-05-31T09:39:03 IST" name="Default test" finished-at="2022-05-31T09:39:07 IST" duration-ms="4179">
      <class name="Demo.University">
        <test-method signature="university(java.lang.String)[pri:0, instance:Demo.University@1a4013]" started-at="2022-05-31T09:39:03 IST" name="university" data-provider="universities" finished-at="2022-05-31T09:39:07 IST" duration-ms="3827" status="PASS">
          <params>
            <param index="0">
              <value>
                <![CDATA[uni 1]]>
              </value>
            </param>
          </params>
          <reporter-output>
          </reporter-output>
        </test-method> <!-- university -->
        <test-method signature="university(java.lang.String)[pri:0, instance:Demo.University@1a4013]" started-at="2022-05-31T09:39:07 IST" name="university" data-provider="universities" finished-at="2022-05-31T09:39:07 IST" duration-ms="301" status="PASS">
          <params>
            <param index="0">
              <value>
                <![CDATA[uni 2]]>
              </value>
            </param>
          </params>
          <reporter-output>
          </reporter-output>
        </test-method> <!-- university -->
      </class> <!-- Demo.University -->
    </test> <!-- Default test -->
  </suite> <!-- Default suite -->
</testng-results>
