<?xml version="1.0" encoding="UTF-8"?>
<testng-results ignored="0" total="13" passed="13" failed="0" skipped="0">
  <reporter-output>
  </reporter-output>
  <suite started-at="2022-06-13T15:07:47 IST" name="Demo Suite" finished-at="2022-06-13T15:07:54 IST" duration-ms="7054">
    <groups>
    </groups>
    <test started-at="2022-06-13T15:07:47 IST" name="Login" finished-at="2022-06-13T15:07:53 IST" duration-ms="5829">
      <class name="Tests.Test_Login">
        <test-method signature="login_test()[pri:1, instance:Tests.Test_Login@2668c286]" started-at="2022-06-13T15:07:47 IST" name="login_test" finished-at="2022-06-13T15:07:52 IST" duration-ms="5331" status="PASS">
          <reporter-output>
          </reporter-output>
        </test-method> <!-- login_test -->
        <test-method signature="resetPassword_test()[pri:2, instance:Tests.Test_Login@2668c286]" started-at="2022-06-13T15:07:52 IST" name="resetPassword_test" finished-at="2022-06-13T15:07:53 IST" duration-ms="177" status="PASS">
          <reporter-output>
          </reporter-output>
        </test-method> <!-- resetPassword_test -->
        <test-method signature="refreshPassword_test()[pri:3, instance:Tests.Test_Login@2668c286]" started-at="2022-06-13T15:07:53 IST" name="refreshPassword_test" finished-at="2022-06-13T15:07:53 IST" duration-ms="121" status="PASS">
          <reporter-output>
          </reporter-output>
        </test-method> <!-- refreshPassword_test -->
        <test-method signature="whoAmI_test()[pri:4, instance:Tests.Test_Login@2668c286]" started-at="2022-06-13T15:07:53 IST" name="whoAmI_test" finished-at="2022-06-13T15:07:53 IST" duration-ms="84" status="PASS">
          <reporter-output>
          </reporter-output>
        </test-method> <!-- whoAmI_test -->
      </class> <!-- Tests.Test_Login -->
    </test> <!-- Login -->
    <test started-at="2022-06-13T15:07:53 IST" name="University APIs" finished-at="2022-06-13T15:07:53 IST" duration-ms="524">
      <class name="Tests.Test_Universities">
        <test-method signature="getUniversity_test()[pri:1, instance:Tests.Test_Universities@4cc65c2]" started-at="2022-06-13T15:07:53 IST" name="getUniversity_test" finished-at="2022-06-13T15:07:53 IST" duration-ms="126" status="PASS">
          <reporter-output>
          </reporter-output>
        </test-method> <!-- getUniversity_test -->
        <test-method signature="addUniversity_test()[pri:2, instance:Tests.Test_Universities@4cc65c2]" started-at="2022-06-13T15:07:53 IST" name="addUniversity_test" finished-at="2022-06-13T15:07:53 IST" duration-ms="235" status="PASS">
          <reporter-output>
          </reporter-output>
        </test-method> <!-- addUniversity_test -->
        <test-method signature="updateUniversity_test()[pri:3, instance:Tests.Test_Universities@4cc65c2]" started-at="2022-06-13T15:07:53 IST" name="updateUniversity_test" finished-at="2022-06-13T15:07:53 IST" duration-ms="76" status="PASS">
          <reporter-output>
          </reporter-output>
        </test-method> <!-- updateUniversity_test -->
        <test-method signature="deleteUniversity_test()[pri:4, instance:Tests.Test_Universities@4cc65c2]" started-at="2022-06-13T15:07:53 IST" name="deleteUniversity_test" finished-at="2022-06-13T15:07:53 IST" duration-ms="63" status="PASS">
          <reporter-output>
          </reporter-output>
        </test-method> <!-- deleteUniversity_test -->
      </class> <!-- Tests.Test_Universities -->
    </test> <!-- University APIs -->
    <test started-at="2022-06-13T15:07:53 IST" name="Teams APIs" finished-at="2022-06-13T15:07:54 IST" duration-ms="591">
      <class name="Tests.Test_Team">
        <test-method signature="getTeam_test()[pri:1, instance:Tests.Test_Team@13bdf540]" started-at="2022-06-13T15:07:53 IST" name="getTeam_test" finished-at="2022-06-13T15:07:54 IST" duration-ms="106" status="PASS">
          <reporter-output>
          </reporter-output>
        </test-method> <!-- getTeam_test -->
        <test-method signature="addTeam_test()[pri:2, instance:Tests.Test_Team@13bdf540]" started-at="2022-06-13T15:07:54 IST" name="addTeam_test" finished-at="2022-06-13T15:07:54 IST" duration-ms="201" status="PASS">
          <reporter-output>
          </reporter-output>
        </test-method> <!-- addTeam_test -->
        <test-method signature="updateTeam_test()[pri:3, instance:Tests.Test_Team@13bdf540]" started-at="2022-06-13T15:07:54 IST" name="updateTeam_test" finished-at="2022-06-13T15:07:54 IST" duration-ms="84" status="PASS">
          <reporter-output>
          </reporter-output>
        </test-method> <!-- updateTeam_test -->
        <test-method signature="getSingleTeam()[pri:4, instance:Tests.Test_Team@13bdf540]" started-at="2022-06-13T15:07:54 IST" name="getSingleTeam" finished-at="2022-06-13T15:07:54 IST" duration-ms="68" status="PASS">
          <reporter-output>
          </reporter-output>
        </test-method> <!-- getSingleTeam -->
        <test-method signature="deleteTeam_test()[pri:5, instance:Tests.Test_Team@13bdf540]" started-at="2022-06-13T15:07:54 IST" name="deleteTeam_test" finished-at="2022-06-13T15:07:54 IST" duration-ms="112" status="PASS">
          <reporter-output>
          </reporter-output>
        </test-method> <!-- deleteTeam_test -->
      </class> <!-- Tests.Test_Team -->
    </test> <!-- Teams APIs -->
  </suite> <!-- Demo Suite -->
</testng-results>
